mode: atomic
github.com/t57/t57-go/internal/serial/serial.go:32.38,34.16 2 0
github.com/t57/t57-go/internal/serial/serial.go:34.16,36.3 1 0
github.com/t57/t57-go/internal/serial/serial.go:37.2,38.26 2 0
github.com/t57/t57-go/internal/serial/serial.go:38.26,40.3 1 0
github.com/t57/t57-go/internal/serial/serial.go:41.2,41.17 1 0
github.com/t57/t57-go/internal/serial/serial.go:52.54,54.2 1 0
github.com/t57/t57-go/internal/serial/serial.go:57.92,65.16 3 0
github.com/t57/t57-go/internal/serial/serial.go:65.16,67.3 1 0
github.com/t57/t57-go/internal/serial/serial.go:68.2,68.57 1 0
github.com/t57/t57-go/internal/serial/serial.go:68.57,71.3 2 0
github.com/t57/t57-go/internal/serial/serial.go:72.2,72.36 1 0
github.com/t57/t57-go/internal/serial/serial.go:76.42,80.2 3 0
github.com/t57/t57-go/internal/serial/serial.go:83.53,87.23 4 0
github.com/t57/t57-go/internal/serial/serial.go:87.23,89.12 2 0
github.com/t57/t57-go/internal/serial/serial.go:89.12,91.4 1 0
github.com/t57/t57-go/internal/serial/serial.go:92.3,92.17 1 0
github.com/t57/t57-go/internal/serial/serial.go:92.17,93.30 1 0
github.com/t57/t57-go/internal/serial/serial.go:93.30,94.10 1 0
github.com/t57/t57-go/internal/serial/serial.go:96.4,96.23 1 0
github.com/t57/t57-go/internal/serial/serial.go:99.2,99.21 1 0
github.com/t57/t57-go/internal/serial/serial.go:103.49,107.16 4 0
github.com/t57/t57-go/internal/serial/serial.go:107.16,109.12 1 0
github.com/t57/t57-go/internal/serial/serial.go:109.12,111.4 1 0
github.com/t57/t57-go/internal/serial/serial.go:113.3,113.21 1 0
github.com/t57/t57-go/internal/serial/serial.go:113.21,115.4 1 0
github.com/t57/t57-go/internal/serial/serial.go:116.3,116.16 1 0
github.com/t57/t57-go/internal/serial/serial.go:118.2,118.15 1 0
github.com/t57/t57-go/internal/serial/serial.go:122.35,125.2 1 0
github.com/t57/t57-go/internal/serial/serial.go:128.35,131.19 3 0
github.com/t57/t57-go/internal/serial/serial.go:131.19,133.3 1 0
github.com/t57/t57-go/internal/serial/serial.go:134.2,134.23 1 0
github.com/t57/t57-go/internal/serial/serial.go:137.32,138.16 1 0
github.com/t57/t57-go/internal/serial/serial.go:138.16,140.3 1 0
github.com/t57/t57-go/internal/serial/serial.go:141.2,142.58 2 0
github.com/t57/t57-go/cmd/t57/main.go:92.41,92.42 0 0
github.com/t57/t57-go/cmd/t57/main.go:93.41,93.42 0 0
github.com/t57/t57-go/cmd/t57/main.go:94.41,94.42 0 0
github.com/t57/t57-go/cmd/t57/main.go:95.41,95.42 0 0
github.com/t57/t57-go/cmd/t57/main.go:96.41,96.42 0 0
github.com/t57/t57-go/cmd/t57/main.go:97.41,97.42 0 0
github.com/t57/t57-go/cmd/t57/main.go:98.41,98.42 0 0
github.com/t57/t57-go/cmd/t57/main.go:99.41,99.42 0 0
github.com/t57/t57-go/cmd/t57/main.go:100.41,100.42 0 0
github.com/t57/t57-go/cmd/t57/main.go:101.41,101.42 0 0
github.com/t57/t57-go/cmd/t57/main.go:102.41,102.42 0 0
github.com/t57/t57-go/cmd/t57/main.go:103.41,103.42 0 0
github.com/t57/t57-go/cmd/t57/main.go:104.41,104.42 0 0
github.com/t57/t57-go/cmd/t57/main.go:105.41,105.42 0 0
github.com/t57/t57-go/cmd/t57/main.go:106.41,106.42 0 0
github.com/t57/t57-go/cmd/t57/main.go:107.41,107.42 0 0
github.com/t57/t57-go/cmd/t57/main.go:108.41,108.42 0 0
github.com/t57/t57-go/cmd/t57/main.go:109.41,109.42 0 0
github.com/t57/t57-go/cmd/t57/main.go:110.41,110.42 0 0
github.com/t57/t57-go/cmd/t57/main.go:112.13,117.16 2 0
github.com/t57/t57-go/cmd/t57/main.go:117.16,120.3 2 0
github.com/t57/t57-go/cmd/t57/main.go:121.2,121.33 1 0
github.com/t57/t57-go/cmd/t57/main.go:121.33,124.3 2 0
github.com/t57/t57-go/cmd/t57/main.go:129.25,132.20 2 0
github.com/t57/t57-go/cmd/t57/main.go:132.20,134.3 1 0
github.com/t57/t57-go/cmd/t57/main.go:135.2,136.33 2 0
github.com/t57/t57-go/cmd/t57/main.go:136.33,138.3 1 0
github.com/t57/t57-go/cmd/t57/main.go:140.2,140.33 1 0
github.com/t57/t57-go/cmd/t57/main.go:141.15,142.24 1 0
github.com/t57/t57-go/cmd/t57/main.go:143.16,144.25 1 0
github.com/t57/t57-go/cmd/t57/main.go:145.15,146.31 1 0
github.com/t57/t57-go/cmd/t57/main.go:147.16,148.32 1 0
github.com/t57/t57-go/cmd/t57/main.go:149.14,150.24 1 0
github.com/t57/t57-go/cmd/t57/main.go:151.20,152.31 1 0
github.com/t57/t57-go/cmd/t57/main.go:153.21,154.26 1 0
github.com/t57/t57-go/cmd/t57/main.go:155.22,156.32 1 0
github.com/t57/t57-go/cmd/t57/main.go:157.24,158.29 1 0
github.com/t57/t57-go/cmd/t57/main.go:159.15,160.25 1 0
github.com/t57/t57-go/cmd/t57/main.go:161.18,162.28 1 0
github.com/t57/t57-go/cmd/t57/main.go:163.17,164.27 1 0
github.com/t57/t57-go/cmd/t57/main.go:165.14,166.24 1 0
github.com/t57/t57-go/cmd/t57/main.go:167.18,168.23 1 0
github.com/t57/t57-go/cmd/t57/main.go:169.22,170.42 1 0
github.com/t57/t57-go/cmd/t57/main.go:171.22,172.42 1 0
github.com/t57/t57-go/cmd/t57/main.go:173.22,174.37 1 0
github.com/t57/t57-go/cmd/t57/main.go:175.23,176.38 1 0
github.com/t57/t57-go/cmd/t57/main.go:177.22,178.34 1 0
github.com/t57/t57-go/cmd/t57/main.go:180.2,180.38 1 0
github.com/t57/t57-go/cmd/t57/main.go:184.47,185.38 1 0
github.com/t57/t57-go/cmd/t57/main.go:185.38,187.3 1 0
github.com/t57/t57-go/cmd/t57/main.go:188.2,188.48 1 0
github.com/t57/t57-go/cmd/t57/main.go:191.72,193.16 2 0
github.com/t57/t57-go/cmd/t57/main.go:193.16,195.3 1 0
github.com/t57/t57-go/cmd/t57/main.go:196.2,196.52 1 0
github.com/t57/t57-go/cmd/t57/main.go:199.47,201.16 2 0
github.com/t57/t57-go/cmd/t57/main.go:201.16,203.3 1 0
github.com/t57/t57-go/cmd/t57/main.go:204.2,204.21 1 0
github.com/t57/t57-go/cmd/t57/main.go:204.21,206.3 1 0
github.com/t57/t57-go/cmd/t57/main.go:207.2,208.26 2 0
github.com/t57/t57-go/cmd/t57/main.go:208.26,210.17 2 0
github.com/t57/t57-go/cmd/t57/main.go:210.17,212.12 2 0
github.com/t57/t57-go/cmd/t57/main.go:214.3,215.50 2 0
github.com/t57/t57-go/cmd/t57/main.go:215.50,216.17 1 0
github.com/t57/t57-go/cmd/t57/main.go:216.17,218.5 1 0
github.com/t57/t57-go/cmd/t57/main.go:219.4,219.22 1 0
github.com/t57/t57-go/cmd/t57/main.go:220.9,223.4 2 0
github.com/t57/t57-go/cmd/t57/main.go:225.2,225.20 1 0
github.com/t57/t57-go/cmd/t57/main.go:225.20,227.3 1 0
github.com/t57/t57-go/cmd/t57/main.go:228.2,228.47 1 0
github.com/t57/t57-go/cmd/t57/main.go:231.33,233.16 2 0
github.com/t57/t57-go/cmd/t57/main.go:233.16,235.3 1 0
github.com/t57/t57-go/cmd/t57/main.go:236.2,236.21 1 0
github.com/t57/t57-go/cmd/t57/main.go:236.21,239.3 2 0
github.com/t57/t57-go/cmd/t57/main.go:240.2,240.26 1 0
github.com/t57/t57-go/cmd/t57/main.go:240.26,243.17 3 0
github.com/t57/t57-go/cmd/t57/main.go:243.17,245.12 2 0
github.com/t57/t57-go/cmd/t57/main.go:247.3,249.17 3 0
github.com/t57/t57-go/cmd/t57/main.go:249.17,252.12 3 0
github.com/t57/t57-go/cmd/t57/main.go:254.3,256.13 3 0
github.com/t57/t57-go/cmd/t57/main.go:258.2,258.12 1 0
github.com/t57/t57-go/cmd/t57/main.go:261.34,263.16 2 0
github.com/t57/t57-go/cmd/t57/main.go:263.16,265.3 1 0
github.com/t57/t57-go/cmd/t57/main.go:266.2,266.26 1 0
github.com/t57/t57-go/cmd/t57/main.go:266.26,268.3 1 0
github.com/t57/t57-go/cmd/t57/main.go:269.2,269.15 1 0
github.com/t57/t57-go/cmd/t57/main.go:269.15,271.3 1 0
github.com/t57/t57-go/cmd/t57/main.go:272.2,272.12 1 0
github.com/t57/t57-go/cmd/t57/main.go:275.61,277.16 2 0
github.com/t57/t57-go/cmd/t57/main.go:277.16,279.3 1 0
github.com/t57/t57-go/cmd/t57/main.go:280.2,282.16 2 0
github.com/t57/t57-go/cmd/t57/main.go:282.16,284.17 2 0
github.com/t57/t57-go/cmd/t57/main.go:284.17,286.4 1 0
github.com/t57/t57-go/cmd/t57/main.go:287.3,287.39 1 0
github.com/t57/t57-go/cmd/t57/main.go:290.2,290.20 1 0
github.com/t57/t57-go/cmd/t57/main.go:290.20,292.17 2 0
github.com/t57/t57-go/cmd/t57/main.go:292.17,294.4 1 0
github.com/t57/t57-go/cmd/t57/main.go:295.3,295.18 1 0
github.com/t57/t57-go/cmd/t57/main.go:295.18,298.4 1 0
github.com/t57/t57-go/cmd/t57/main.go:299.3,299.64 1 0
github.com/t57/t57-go/cmd/t57/main.go:302.2,303.20 2 0
github.com/t57/t57-go/cmd/t57/main.go:303.20,305.3 1 0
github.com/t57/t57-go/cmd/t57/main.go:306.2,307.16 2 0
github.com/t57/t57-go/cmd/t57/main.go:307.16,309.3 1 0
github.com/t57/t57-go/cmd/t57/main.go:310.2,310.25 1 0
github.com/t57/t57-go/cmd/t57/main.go:310.25,312.18 2 0
github.com/t57/t57-go/cmd/t57/main.go:312.18,315.4 1 0
github.com/t57/t57-go/cmd/t57/main.go:316.3,316.70 1 0
github.com/t57/t57-go/cmd/t57/main.go:316.70,318.4 1 0
github.com/t57/t57-go/cmd/t57/main.go:320.2,320.12 1 0
github.com/t57/t57-go/cmd/t57/main.go:323.63,324.26 1 0
github.com/t57/t57-go/cmd/t57/main.go:324.26,326.3 1 0
github.com/t57/t57-go/cmd/t57/main.go:327.2,328.16 2 0
github.com/t57/t57-go/cmd/t57/main.go:328.16,330.3 1 0
github.com/t57/t57-go/cmd/t57/main.go:331.2,333.32 2 0
github.com/t57/t57-go/cmd/t57/main.go:333.32,335.17 2 0
github.com/t57/t57-go/cmd/t57/main.go:335.17,337.4 1 0
github.com/t57/t57-go/cmd/t57/main.go:338.3,339.21 2 0
github.com/t57/t57-go/cmd/t57/main.go:339.21,341.4 1 0
github.com/t57/t57-go/cmd/t57/main.go:342.3,342.35 1 0
github.com/t57/t57-go/cmd/t57/main.go:342.35,344.4 1 0
github.com/t57/t57-go/cmd/t57/main.go:345.3,345.13 1 0
github.com/t57/t57-go/cmd/t57/main.go:345.13,347.38 1 0
github.com/t57/t57-go/cmd/t57/main.go:347.38,349.5 1 0
github.com/t57/t57-go/cmd/t57/main.go:351.3,351.58 1 0
github.com/t57/t57-go/cmd/t57/main.go:351.58,353.4 1 0
github.com/t57/t57-go/cmd/t57/main.go:354.3,355.18 2 0
github.com/t57/t57-go/cmd/t57/main.go:355.18,358.4 1 0
github.com/t57/t57-go/cmd/t57/main.go:360.2,360.12 1 0
github.com/t57/t57-go/cmd/t57/main.go:363.40,365.16 2 0
github.com/t57/t57-go/cmd/t57/main.go:365.16,367.3 1 0
github.com/t57/t57-go/cmd/t57/main.go:368.2,371.20 3 0
github.com/t57/t57-go/cmd/t57/main.go:371.20,373.17 2 0
github.com/t57/t57-go/cmd/t57/main.go:373.17,375.4 1 0
github.com/t57/t57-go/cmd/t57/main.go:377.2,378.16 2 0
github.com/t57/t57-go/cmd/t57/main.go:378.16,380.3 1 0
github.com/t57/t57-go/cmd/t57/main.go:381.2,381.12 1 0
github.com/t57/t57-go/cmd/t57/main.go:381.12,387.3 2 0
github.com/t57/t57-go/cmd/t57/main.go:388.2,389.12 2 0
github.com/t57/t57-go/cmd/t57/main.go:392.53,394.16 2 0
github.com/t57/t57-go/cmd/t57/main.go:394.16,396.3 1 0
github.com/t57/t57-go/cmd/t57/main.go:397.2,399.12 2 0
github.com/t57/t57-go/cmd/t57/main.go:399.12,400.58 1 0
github.com/t57/t57-go/cmd/t57/main.go:400.58,402.4 1 0
github.com/t57/t57-go/cmd/t57/main.go:404.2,406.16 3 0
github.com/t57/t57-go/cmd/t57/main.go:406.16,408.3 1 0
github.com/t57/t57-go/cmd/t57/main.go:409.2,409.25 1 0
github.com/t57/t57-go/cmd/t57/main.go:409.25,410.18 1 0
github.com/t57/t57-go/cmd/t57/main.go:410.18,413.4 1 0
github.com/t57/t57-go/cmd/t57/main.go:414.3,414.62 1 0
github.com/t57/t57-go/cmd/t57/main.go:416.2,416.12 1 0
github.com/t57/t57-go/cmd/t57/main.go:416.12,417.58 1 0
github.com/t57/t57-go/cmd/t57/main.go:417.58,419.4 1 0
github.com/t57/t57-go/cmd/t57/main.go:421.2,421.25 1 0
github.com/t57/t57-go/cmd/t57/main.go:421.25,422.58 1 0
github.com/t57/t57-go/cmd/t57/main.go:422.58,424.4 1 0
github.com/t57/t57-go/cmd/t57/main.go:425.3,425.38 1 0
github.com/t57/t57-go/cmd/t57/main.go:427.2,427.12 1 0
github.com/t57/t57-go/cmd/t57/main.go:430.35,432.16 2 0
github.com/t57/t57-go/cmd/t57/main.go:432.16,434.3 1 0
github.com/t57/t57-go/cmd/t57/main.go:435.2,437.16 3 0
github.com/t57/t57-go/cmd/t57/main.go:437.16,439.3 1 0
github.com/t57/t57-go/cmd/t57/main.go:440.2,440.38 1 0
github.com/t57/t57-go/cmd/t57/main.go:443.56,445.16 2 0
github.com/t57/t57-go/cmd/t57/main.go:445.16,447.3 1 0
github.com/t57/t57-go/cmd/t57/main.go:448.2,448.19 1 0
github.com/t57/t57-go/cmd/t57/main.go:448.19,450.3 1 0
github.com/t57/t57-go/cmd/t57/main.go:451.2,455.16 5 0
github.com/t57/t57-go/cmd/t57/main.go:455.16,457.3 1 0
github.com/t57/t57-go/cmd/t57/main.go:458.2,459.48 2 0
github.com/t57/t57-go/cmd/t57/main.go:459.48,461.3 1 0
github.com/t57/t57-go/cmd/t57/main.go:462.2,463.12 2 0
github.com/t57/t57-go/cmd/t57/main.go:466.38,468.16 2 0
github.com/t57/t57-go/cmd/t57/main.go:468.16,470.3 1 0
github.com/t57/t57-go/cmd/t57/main.go:471.2,473.48 3 0
github.com/t57/t57-go/cmd/t57/main.go:473.48,475.3 1 0
github.com/t57/t57-go/cmd/t57/main.go:476.2,477.12 2 0
github.com/t57/t57-go/cmd/t57/main.go:480.42,482.9 2 0
github.com/t57/t57-go/cmd/t57/main.go:482.9,484.3 1 0
github.com/t57/t57-go/cmd/t57/main.go:485.2,486.16 2 0
github.com/t57/t57-go/cmd/t57/main.go:486.16,488.3 1 0
github.com/t57/t57-go/cmd/t57/main.go:489.2,490.45 2 0
github.com/t57/t57-go/cmd/t57/main.go:490.45,492.3 1 0
github.com/t57/t57-go/cmd/t57/main.go:493.2,494.12 2 0
github.com/t57/t57-go/cmd/t57/main.go:497.48,499.16 2 0
github.com/t57/t57-go/cmd/t57/main.go:499.16,501.3 1 0
github.com/t57/t57-go/cmd/t57/main.go:502.2,503.52 2 0
github.com/t57/t57-go/cmd/t57/main.go:503.52,505.3 1 0
github.com/t57/t57-go/cmd/t57/main.go:506.2,507.12 2 0
github.com/t57/t57-go/cmd/t57/main.go:510.46,512.16 2 0
github.com/t57/t57-go/cmd/t57/main.go:512.16,514.3 1 0
github.com/t57/t57-go/cmd/t57/main.go:515.2,516.42 2 0
github.com/t57/t57-go/cmd/t57/main.go:519.40,521.16 2 0
github.com/t57/t57-go/cmd/t57/main.go:521.16,523.3 1 0
github.com/t57/t57-go/cmd/t57/main.go:524.2,525.39 2 0
github.com/t57/t57-go/cmd/t57/main.go:528.32,530.16 2 0
github.com/t57/t57-go/cmd/t57/main.go:530.16,532.3 1 0
github.com/t57/t57-go/cmd/t57/main.go:533.2,535.16 3 0
github.com/t57/t57-go/cmd/t57/main.go:535.16,537.3 1 0
github.com/t57/t57-go/cmd/t57/main.go:538.2,540.12 3 0
github.com/t57/t57-go/cmd/t57/main.go:543.76,546.17 3 0
github.com/t57/t57-go/cmd/t57/main.go:546.17,548.3 1 0
github.com/t57/t57-go/cmd/t57/main.go:549.2,549.25 1 0
github.com/t57/t57-go/cmd/t57/main.go:549.25,551.13 2 0
github.com/t57/t57-go/cmd/t57/main.go:551.13,553.4 1 0
github.com/t57/t57-go/cmd/t57/main.go:553.9,555.4 1 0
github.com/t57/t57-go/cmd/t57/main.go:557.2,557.12 1 0
github.com/t57/t57-go/cmd/t57/main.go:560.76,562.42 2 0
github.com/t57/t57-go/cmd/t57/main.go:562.42,564.3 1 0
github.com/t57/t57-go/cmd/t57/main.go:565.2,566.12 2 0
github.com/t57/t57-go/cmd/t57/main.go:566.12,568.3 1 0
github.com/t57/t57-go/cmd/t57/main.go:569.2,570.12 2 0
github.com/t57/t57-go/cmd/t57/main.go:573.56,575.9 2 0
github.com/t57/t57-go/cmd/t57/main.go:575.9,578.3 2 0
github.com/t57/t57-go/cmd/t57/main.go:579.2,579.12 1 0
github.com/t57/t57-go/cmd/t57/main.go:579.12,581.3 1 0
github.com/t57/t57-go/cmd/t57/main.go:582.2,583.12 2 0
github.com/t57/t57-go/cmd/t57/main.go:586.57,588.2 1 0
github.com/t57/t57-go/cmd/t57/main.go:590.47,591.14 1 0
github.com/t57/t57-go/cmd/t57/main.go:591.14,594.3 2 0
github.com/t57/t57-go/cmd/t57/main.go:595.2,596.12 2 0
github.com/t57/t57-go/cmd/t57/main.go:601.69,602.12 1 0
github.com/t57/t57-go/cmd/t57/main.go:602.12,608.3 1 0
github.com/t57/t57-go/cmd/t57/main.go:609.2,610.12 2 0
github.com/t57/t57-go/cmd/t57/main.go:613.63,615.12 2 0
github.com/t57/t57-go/cmd/t57/main.go:615.12,645.3 1 0
github.com/t57/t57-go/cmd/t57/main.go:646.2,647.12 2 0
github.com/t57/t57-go/cmd/t57/main.go:650.31,651.22 1 0
github.com/t57/t57-go/cmd/t57/main.go:651.22,653.3 1 0
github.com/t57/t57-go/cmd/t57/main.go:654.2,654.15 1 0
github.com/t57/t57-go/cmd/t57/main.go:657.44,658.22 1 0
github.com/t57/t57-go/cmd/t57/main.go:658.22,659.13 1 0
github.com/t57/t57-go/cmd/t57/main.go:659.13,661.4 1 0
github.com/t57/t57-go/cmd/t57/main.go:663.2,663.13 1 0
github.com/t57/t57-go/cmd/t57/main.go:668.34,672.43 4 0
github.com/t57/t57-go/cmd/t57/main.go:672.43,674.3 1 0
github.com/t57/t57-go/cmd/t57/main.go:675.2,676.15 2 0
github.com/t57/t57-go/cmd/t57/main.go:676.15,678.3 1 0
github.com/t57/t57-go/cmd/t57/main.go:679.2,680.35 2 0
github.com/t57/t57-go/cmd/t57/main.go:688.46,696.20 4 0
github.com/t57/t57-go/cmd/t57/main.go:696.20,698.16 2 0
github.com/t57/t57-go/cmd/t57/main.go:698.16,700.9 2 0
github.com/t57/t57-go/cmd/t57/main.go:702.3,702.45 1 0
github.com/t57/t57-go/cmd/t57/main.go:702.45,705.12 3 0
github.com/t57/t57-go/cmd/t57/main.go:707.3,708.17 2 0
github.com/t57/t57-go/cmd/t57/main.go:708.17,710.12 2 0
github.com/t57/t57-go/cmd/t57/main.go:713.3,713.57 1 0
github.com/t57/t57-go/cmd/t57/main.go:713.57,716.4 2 0
github.com/t57/t57-go/cmd/t57/main.go:717.3,717.49 1 0
github.com/t57/t57-go/cmd/t57/main.go:717.49,719.4 1 0
github.com/t57/t57-go/cmd/t57/main.go:720.3,720.6 1 0
github.com/t57/t57-go/cmd/t57/main.go:723.2,724.16 2 0
github.com/t57/t57-go/cmd/t57/main.go:724.16,726.3 1 0
github.com/t57/t57-go/cmd/t57/main.go:727.2,728.15 2 0
github.com/t57/t57-go/cmd/t57/main.go:731.58,732.32 1 0
github.com/t57/t57-go/cmd/t57/main.go:732.32,734.3 1 0
github.com/t57/t57-go/cmd/t57/main.go:734.8,736.3 1 0
github.com/t57/t57-go/cmd/t57/main.go:737.2,737.46 1 0
github.com/t57/t57-go/cmd/t57/main.go:737.46,739.3 1 0
github.com/t57/t57-go/cmd/t57/main.go:740.2,740.21 1 0
github.com/t57/t57-go/cmd/t57/main.go:743.39,744.14 1 0
github.com/t57/t57-go/cmd/t57/main.go:748.18,749.14 1 0
github.com/t57/t57-go/cmd/t57/main.go:751.2,751.14 1 0
github.com/t57/t57-go/cmd/t57/main.go:754.49,755.14 1 0
github.com/t57/t57-go/cmd/t57/main.go:756.19,757.15 1 0
github.com/t57/t57-go/cmd/t57/main.go:758.14,760.17 2 0
github.com/t57/t57-go/cmd/t57/main.go:760.17,762.4 1 0
github.com/t57/t57-go/cmd/t57/main.go:763.3,763.13 1 0
github.com/t57/t57-go/cmd/t57/main.go:764.17,766.17 2 0
github.com/t57/t57-go/cmd/t57/main.go:766.17,768.4 1 0
github.com/t57/t57-go/cmd/t57/main.go:769.3,769.16 1 0
github.com/t57/t57-go/cmd/t57/main.go:770.18,771.15 1 0
github.com/t57/t57-go/cmd/t57/main.go:772.22,773.19 1 0
github.com/t57/t57-go/cmd/t57/main.go:774.14,775.16 1 0
github.com/t57/t57-go/cmd/t57/main.go:776.20,777.18 1 0
github.com/t57/t57-go/cmd/t57/main.go:778.17,779.19 1 0
github.com/t57/t57-go/cmd/t57/main.go:781.2,781.12 1 0
github.com/t57/t57-go/cmd/t57/main.go:784.51,785.20 1 0
github.com/t57/t57-go/cmd/t57/main.go:785.20,787.3 1 0
github.com/t57/t57-go/cmd/t57/main.go:788.2,790.14 3 0
github.com/t57/t57-go/cmd/t57/main.go:791.14,792.24 1 0
github.com/t57/t57-go/cmd/t57/main.go:793.15,794.25 1 0
github.com/t57/t57-go/cmd/t57/main.go:795.14,796.25 1 0
github.com/t57/t57-go/cmd/t57/main.go:797.15,798.26 1 0
github.com/t57/t57-go/cmd/t57/main.go:799.13,800.24 1 0
github.com/t57/t57-go/cmd/t57/main.go:801.19,802.29 1 0
github.com/t57/t57-go/cmd/t57/main.go:803.16,804.27 1 0
github.com/t57/t57-go/cmd/t57/main.go:805.14,806.25 1 0
github.com/t57/t57-go/cmd/t57/main.go:807.17,808.28 1 0
github.com/t57/t57-go/cmd/t57/main.go:809.16,810.27 1 0
github.com/t57/t57-go/cmd/t57/main.go:811.13,812.24 1 0
github.com/t57/t57-go/cmd/t57/main.go:813.17,814.27 1 0
github.com/t57/t57-go/cmd/t57/main.go:815.17,816.28 1 0
github.com/t57/t57-go/cmd/t57/main.go:817.30,818.27 1 0
github.com/t57/t57-go/cmd/t57/main.go:820.2,820.53 1 0
github.com/t57/t57-go/cmd/t57/main.go:823.48,825.76 2 0
github.com/t57/t57-go/cmd/t57/main.go:825.76,827.3 1 0
github.com/t57/t57-go/cmd/t57/main.go:828.2,828.15 1 0
github.com/t57/t57-go/cmd/t57/main.go:833.38,833.61 1 0
github.com/t57/t57-go/cmd/t57/main.go:834.38,834.62 1 0
github.com/t57/t57-go/cmd/t57/main.go:835.38,835.61 1 0
github.com/t57/t57-go/cmd/t57/main.go:836.38,836.61 1 0
github.com/t57/t57-go/cmd/t57/main.go:837.39,837.57 1 0
github.com/t57/t57-go/cmd/t57/main.go:838.39,838.40 0 0
github.com/t57/t57-go/cmd/t57/main.go:839.44,839.45 0 0
github.com/t57/t57-go/cmd/t57/main.go:843.40,843.41 0 0
github.com/t57/t57-go/cmd/t57/main.go:844.40,844.41 0 0
github.com/t57/t57-go/cmd/t57/main.go:845.39,845.62 1 0
github.com/t57/t57-go/cmd/t57/main.go:846.39,846.62 1 0
github.com/t57/t57-go/cmd/t57/main.go:847.41,847.42 0 0
github.com/t57/t57-go/cmd/t57/main.go:848.40,848.57 1 0
github.com/t57/t57-go/cmd/t57/main.go:849.44,849.62 1 0
github.com/t57/t57-go/cmd/t57/main.go:851.50,853.75 2 0
github.com/t57/t57-go/cmd/t57/main.go:853.75,855.3 1 0
github.com/t57/t57-go/cmd/t57/main.go:856.2,856.15 1 0
github.com/t57/t57-go/cmd/t57/main.go:869.88,870.33 1 0
github.com/t57/t57-go/cmd/t57/main.go:870.33,872.35 2 0
github.com/t57/t57-go/cmd/t57/main.go:872.35,874.4 1 0
github.com/t57/t57-go/cmd/t57/main.go:875.3,877.13 3 0
github.com/t57/t57-go/cmd/t57/main.go:877.13,879.4 1 0
github.com/t57/t57-go/cmd/t57/main.go:879.9,879.29 1 0
github.com/t57/t57-go/cmd/t57/main.go:879.29,882.4 2 0
github.com/t57/t57-go/cmd/t57/main.go:882.9,884.4 1 0
github.com/t57/t57-go/cmd/t57/main.go:885.3,885.15 1 0
github.com/t57/t57-go/cmd/t57/main.go:886.21,888.18 2 0
github.com/t57/t57-go/cmd/t57/main.go:888.18,890.5 1 0
github.com/t57/t57-go/cmd/t57/main.go:891.4,891.17 1 0
github.com/t57/t57-go/cmd/t57/main.go:892.32,894.21 1 0
github.com/t57/t57-go/cmd/t57/main.go:894.21,896.19 2 0
github.com/t57/t57-go/cmd/t57/main.go:896.19,898.6 1 0
github.com/t57/t57-go/cmd/t57/main.go:899.10,901.19 2 0
github.com/t57/t57-go/cmd/t57/main.go:901.19,903.6 1 0
github.com/t57/t57-go/cmd/t57/main.go:904.5,904.18 1 0
github.com/t57/t57-go/cmd/t57/main.go:906.21,908.18 2 0
github.com/t57/t57-go/cmd/t57/main.go:908.18,910.5 1 0
github.com/t57/t57-go/cmd/t57/main.go:911.4,911.17 1 0
github.com/t57/t57-go/cmd/t57/main.go:912.15,914.18 2 0
github.com/t57/t57-go/cmd/t57/main.go:914.18,916.5 1 0
github.com/t57/t57-go/cmd/t57/main.go:917.4,917.16 1 0
github.com/t57/t57-go/cmd/t57/main.go:918.17,919.21 1 0
github.com/t57/t57-go/cmd/t57/main.go:920.21,921.20 1 0
github.com/t57/t57-go/cmd/t57/main.go:922.21,924.19 2 0
github.com/t57/t57-go/cmd/t57/main.go:927.2,927.12 1 0
github.com/t57/t57-go/cmd/t57/main.go:930.46,932.33 2 0
github.com/t57/t57-go/cmd/t57/main.go:932.33,934.35 2 0
github.com/t57/t57-go/cmd/t57/main.go:934.35,936.4 1 0
github.com/t57/t57-go/cmd/t57/main.go:937.3,939.13 3 0
github.com/t57/t57-go/cmd/t57/main.go:939.13,941.4 1 0
github.com/t57/t57-go/cmd/t57/main.go:941.9,941.29 1 0
github.com/t57/t57-go/cmd/t57/main.go:941.29,944.4 2 0
github.com/t57/t57-go/cmd/t57/main.go:944.9,946.4 1 0
github.com/t57/t57-go/cmd/t57/main.go:947.3,947.15 1 0
github.com/t57/t57-go/cmd/t57/main.go:948.18,950.18 2 0
github.com/t57/t57-go/cmd/t57/main.go:950.18,952.5 1 0
github.com/t57/t57-go/cmd/t57/main.go:953.4,953.24 1 0
github.com/t57/t57-go/cmd/t57/main.go:954.23,956.18 2 0
github.com/t57/t57-go/cmd/t57/main.go:956.18,958.5 1 0
github.com/t57/t57-go/cmd/t57/main.go:959.4,959.24 1 0
github.com/t57/t57-go/cmd/t57/main.go:960.20,961.18 1 0
github.com/t57/t57-go/cmd/t57/main.go:964.2,964.15 1 0
github.com/t57/t57-go/cmd/t57/main.go:967.50,968.20 1 0
github.com/t57/t57-go/cmd/t57/main.go:968.20,970.3 1 0
github.com/t57/t57-go/cmd/t57/main.go:971.2,971.17 1 0
github.com/t57/t57-go/cmd/t57/main.go:972.14,973.30 1 0
github.com/t57/t57-go/cmd/t57/main.go:974.15,975.20 1 0
github.com/t57/t57-go/cmd/t57/main.go:975.20,977.4 1 0
github.com/t57/t57-go/cmd/t57/main.go:978.3,978.45 1 0
github.com/t57/t57-go/cmd/t57/main.go:979.17,980.33 1 0
github.com/t57/t57-go/cmd/t57/main.go:982.2,982.67 1 0
github.com/t57/t57-go/cmd/t57/main.go:985.48,986.20 1 0
github.com/t57/t57-go/cmd/t57/main.go:986.20,988.3 1 0
github.com/t57/t57-go/cmd/t57/main.go:989.2,990.16 2 0
github.com/t57/t57-go/cmd/t57/main.go:990.16,992.3 1 0
github.com/t57/t57-go/cmd/t57/main.go:993.2,993.30 1 0
github.com/t57/t57-go/cmd/t57/main.go:996.54,997.20 1 0
github.com/t57/t57-go/cmd/t57/main.go:997.20,999.3 1 0
github.com/t57/t57-go/cmd/t57/main.go:1000.2,1001.16 2 0
github.com/t57/t57-go/cmd/t57/main.go:1001.16,1003.3 1 0
github.com/t57/t57-go/cmd/t57/main.go:1004.2,1004.40 1 0
github.com/t57/t57-go/cmd/t57/main.go:1007.52,1009.33 2 0
github.com/t57/t57-go/cmd/t57/main.go:1009.33,1012.13 3 0
github.com/t57/t57-go/cmd/t57/main.go:1012.13,1014.4 1 0
github.com/t57/t57-go/cmd/t57/main.go:1014.9,1014.29 1 0
github.com/t57/t57-go/cmd/t57/main.go:1014.29,1017.4 2 0
github.com/t57/t57-go/cmd/t57/main.go:1017.9,1019.4 1 0
github.com/t57/t57-go/cmd/t57/main.go:1020.3,1020.15 1 0
github.com/t57/t57-go/cmd/t57/main.go:1021.13,1023.19 2 0
github.com/t57/t57-go/cmd/t57/main.go:1024.17,1026.23 2 0
github.com/t57/t57-go/cmd/t57/main.go:1029.2,1029.15 1 0
github.com/t57/t57-go/cmd/t57/main.go:1032.46,1034.33 2 0
github.com/t57/t57-go/cmd/t57/main.go:1034.33,1037.13 3 0
github.com/t57/t57-go/cmd/t57/main.go:1037.13,1039.4 1 0
github.com/t57/t57-go/cmd/t57/main.go:1039.9,1039.29 1 0
github.com/t57/t57-go/cmd/t57/main.go:1039.29,1042.4 2 0
github.com/t57/t57-go/cmd/t57/main.go:1042.9,1044.4 1 0
github.com/t57/t57-go/cmd/t57/main.go:1045.3,1045.15 1 0
github.com/t57/t57-go/cmd/t57/main.go:1046.13,1048.19 2 0
github.com/t57/t57-go/cmd/t57/main.go:1049.17,1051.23 2 0
github.com/t57/t57-go/cmd/t57/main.go:1054.2,1054.15 1 0
github.com/t57/t57-go/cmd/t57/main.go:1057.51,1058.20 1 0
github.com/t57/t57-go/cmd/t57/main.go:1058.20,1060.3 1 0
github.com/t57/t57-go/cmd/t57/main.go:1061.2,1061.17 1 0
github.com/t57/t57-go/cmd/t57/main.go:1062.14,1064.34 2 0
github.com/t57/t57-go/cmd/t57/main.go:1064.34,1066.23 2 0
github.com/t57/t57-go/cmd/t57/main.go:1066.23,1067.15 1 0
github.com/t57/t57-go/cmd/t57/main.go:1067.15,1069.6 1 0
github.com/t57/t57-go/cmd/t57/main.go:1069.11,1069.31 1 0
github.com/t57/t57-go/cmd/t57/main.go:1069.31,1072.6 2 0
github.com/t57/t57-go/cmd/t57/main.go:1075.3,1075.16 1 0
github.com/t57/t57-go/cmd/t57/main.go:1076.14,1077.20 1 0
github.com/t57/t57-go/cmd/t57/main.go:1077.20,1079.4 1 0
github.com/t57/t57-go/cmd/t57/main.go:1080.3,1081.17 2 0
github.com/t57/t57-go/cmd/t57/main.go:1081.17,1083.4 1 0
github.com/t57/t57-go/cmd/t57/main.go:1084.3,1084.39 1 0
github.com/t57/t57-go/cmd/t57/main.go:1085.14,1086.31 1 0
github.com/t57/t57-go/cmd/t57/main.go:1087.15,1088.32 1 0
github.com/t57/t57-go/cmd/t57/main.go:1089.14,1090.31 1 0
github.com/t57/t57-go/cmd/t57/main.go:1092.2,1092.68 1 0
github.com/t57/t57-go/cmd/t57/main.go:1095.25,1127.2 3 0
github.com/t57/t57-go/cmd/t57/main.go:1132.21,1135.12 3 0
github.com/t57/t57-go/cmd/t57/main.go:1135.12,1139.3 3 0
github.com/t57/t57-go/internal/mock/mock.go:29.23,29.46 1 9
github.com/t57/t57-go/internal/mock/mock.go:32.44,36.2 3 2
github.com/t57/t57-go/internal/mock/mock.go:40.38,44.2 3 1
github.com/t57/t57-go/internal/mock/mock.go:48.31,52.2 3 0
github.com/t57/t57-go/internal/mock/mock.go:55.45,59.2 3 1
github.com/t57/t57-go/internal/mock/mock.go:62.46,66.2 3 1
github.com/t57/t57-go/internal/mock/mock.go:70.38,74.2 3 1
github.com/t57/t57-go/internal/mock/mock.go:77.37,81.2 3 1
github.com/t57/t57-go/internal/mock/mock.go:84.38,88.2 3 1
github.com/t57/t57-go/internal/mock/mock.go:91.53,94.14 3 7
github.com/t57/t57-go/internal/mock/mock.go:94.14,96.3 1 1
github.com/t57/t57-go/internal/mock/mock.go:97.2,97.23 1 6
github.com/t57/t57-go/internal/mock/mock.go:97.23,101.3 3 1
github.com/t57/t57-go/internal/mock/mock.go:102.2,104.12 3 5
github.com/t57/t57-go/internal/mock/mock.go:104.12,106.3 1 1
github.com/t57/t57-go/internal/mock/mock.go:107.2,107.20 1 5
github.com/t57/t57-go/internal/mock/mock.go:111.49,114.14 3 7
github.com/t57/t57-go/internal/mock/mock.go:114.14,116.3 1 1
github.com/t57/t57-go/internal/mock/mock.go:117.2,117.22 1 6
github.com/t57/t57-go/internal/mock/mock.go:117.22,121.3 3 1
github.com/t57/t57-go/internal/mock/mock.go:122.2,123.20 2 5
github.com/t57/t57-go/internal/mock/mock.go:123.20,125.3 1 1
github.com/t57/t57-go/internal/mock/mock.go:126.2,127.19 2 4
github.com/t57/t57-go/internal/mock/mock.go:127.19,129.3 1 0
github.com/t57/t57-go/internal/mock/mock.go:130.2,132.15 3 4
github.com/t57/t57-go/internal/mock/mock.go:136.35,139.14 3 0
github.com/t57/t57-go/internal/mock/mock.go:139.14,141.3 1 0
github.com/t57/t57-go/internal/mock/mock.go:142.2,142.23 1 0
github.com/t57/t57-go/internal/mock/mock.go:142.23,146.3 3 0
github.com/t57/t57-go/internal/mock/mock.go:147.2,147.12 1 0
github.com/t57/t57-go/internal/mock/mock.go:151.35,156.2 4 2
github.com/t57/t57-go/internal/t57/client.go:27.37,33.2 1 15
github.com/t57/t57-go/internal/t57/client.go:36.49,39.2 2 0
github.com/t57/t57-go/internal/t57/client.go:42.45,45.2 2 13
github.com/t57/t57-go/internal/t57/client.go:50.59,53.2 2 0
github.com/t57/t57-go/internal/t57/client.go:56.40,56.62 1 0
github.com/t57/t57-go/internal/t57/client.go:60.36,60.59 1 0
github.com/t57/t57-go/internal/t57/client.go:64.43,64.65 1 0
github.com/t57/t57-go/internal/t57/client.go:72.69,73.25 1 15
github.com/t57/t57-go/internal/t57/client.go:73.25,76.3 1 0
github.com/t57/t57-go/internal/t57/client.go:77.2,78.55 2 15
github.com/t57/t57-go/internal/t57/client.go:78.55,79.51 1 18
github.com/t57/t57-go/internal/t57/client.go:79.51,81.73 2 6
github.com/t57/t57-go/internal/t57/client.go:81.73,83.13 2 3
github.com/t57/t57-go/internal/t57/client.go:85.4,85.19 1 3
github.com/t57/t57-go/internal/t57/client.go:87.3,87.39 1 12
github.com/t57/t57-go/internal/t57/client.go:89.2,89.21 1 0
github.com/t57/t57-go/internal/t57/client.go:92.63,95.16 3 18
github.com/t57/t57-go/internal/t57/client.go:95.16,97.3 1 0
github.com/t57/t57-go/internal/t57/client.go:98.2,98.62 1 18
github.com/t57/t57-go/internal/t57/client.go:98.62,100.3 1 0
github.com/t57/t57-go/internal/t57/client.go:101.2,101.44 1 18
github.com/t57/t57-go/internal/t57/client.go:101.44,103.3 1 0
github.com/t57/t57-go/internal/t57/client.go:106.2,107.16 2 18
github.com/t57/t57-go/internal/t57/client.go:107.16,109.3 1 1
github.com/t57/t57-go/internal/t57/client.go:110.2,110.12 1 17
github.com/t57/t57-go/internal/t57/client.go:110.12,113.3 1 0
github.com/t57/t57-go/internal/t57/client.go:114.2,115.16 2 17
github.com/t57/t57-go/internal/t57/client.go:115.16,117.3 1 4
github.com/t57/t57-go/internal/t57/client.go:118.2,119.24 2 13
github.com/t57/t57-go/internal/t57/client.go:119.24,121.24 2 1
github.com/t57/t57-go/internal/t57/client.go:121.24,123.4 1 1
github.com/t57/t57-go/internal/t57/client.go:124.3,125.80 1 1
github.com/t57/t57-go/internal/t57/client.go:129.2,131.12 3 12
github.com/t57/t57-go/internal/t57/client.go:138.65,139.35 1 6
github.com/t57/t57-go/internal/t57/client.go:139.35,142.3 1 2
github.com/t57/t57-go/internal/t57/client.go:143.2,144.16 2 4
github.com/t57/t57-go/internal/t57/client.go:144.16,146.3 1 1
github.com/t57/t57-go/internal/t57/client.go:147.2,147.26 1 3
github.com/t57/t57-go/internal/t57/client.go:147.26,150.3 1 0
github.com/t57/t57-go/internal/t57/client.go:151.2,153.17 3 3
github.com/t57/t57-go/internal/t57/client.go:157.79,158.22 1 1
github.com/t57/t57-go/internal/t57/client.go:158.22,161.3 1 0
github.com/t57/t57-go/internal/t57/client.go:162.2,163.16 2 1
github.com/t57/t57-go/internal/t57/client.go:163.16,165.3 1 0
github.com/t57/t57-go/internal/t57/client.go:166.2,166.26 1 1
github.com/t57/t57-go/internal/t57/client.go:166.26,169.3 1 0
github.com/t57/t57-go/internal/t57/client.go:170.2,172.17 3 1
github.com/t57/t57-go/internal/t57/client.go:177.75,178.46 1 1
github.com/t57/t57-go/internal/t57/client.go:178.46,181.3 1 0
github.com/t57/t57-go/internal/t57/client.go:182.2,182.59 1 1
github.com/t57/t57-go/internal/t57/client.go:182.59,185.3 1 0
github.com/t57/t57-go/internal/t57/client.go:186.2,187.35 2 1
github.com/t57/t57-go/internal/t57/client.go:187.35,189.17 2 2
github.com/t57/t57-go/internal/t57/client.go:189.17,191.4 1 0
github.com/t57/t57-go/internal/t57/client.go:192.3,192.13 1 2
github.com/t57/t57-go/internal/t57/client.go:194.2,194.17 1 1
github.com/t57/t57-go/internal/t57/client.go:199.69,200.22 1 2
github.com/t57/t57-go/internal/t57/client.go:200.22,203.3 1 0
github.com/t57/t57-go/internal/t57/client.go:204.2,209.12 6 2
github.com/t57/t57-go/internal/t57/client.go:213.47,215.16 2 1
github.com/t57/t57-go/internal/t57/client.go:215.16,217.3 1 0
github.com/t57/t57-go/internal/t57/client.go:218.2,218.36 1 1
github.com/t57/t57-go/internal/t57/client.go:224.48,227.2 2 1
github.com/t57/t57-go/internal/t57/client.go:230.59,232.16 2 5
github.com/t57/t57-go/internal/t57/client.go:232.16,234.3 1 2
github.com/t57/t57-go/internal/t57/client.go:235.2,235.27 1 3
github.com/t57/t57-go/internal/t57/client.go:235.27,238.3 1 1
github.com/t57/t57-go/internal/t57/client.go:239.2,241.17 3 2
github.com/t57/t57-go/internal/t57/client.go:245.52,247.2 1 1
github.com/t57/t57-go/internal/t57/client.go:252.47,254.16 2 1
github.com/t57/t57-go/internal/t57/client.go:254.16,256.3 1 0
github.com/t57/t57-go/internal/t57/client.go:257.2,257.42 1 1
github.com/t57/t57-go/internal/t57/client.go:257.42,260.3 1 0
github.com/t57/t57-go/internal/t57/client.go:261.2,261.12 1 1
github.com/t57/t57-go/internal/t57/client.go:265.46,267.16 2 1
github.com/t57/t57-go/internal/t57/client.go:267.16,269.3 1 0
github.com/t57/t57-go/internal/t57/client.go:270.2,270.36 1 1
github.com/t57/t57-go/internal/t57/client.go:270.36,273.3 1 0
github.com/t57/t57-go/internal/t57/client.go:274.2,274.12 1 1
github.com/t57/t57-go/internal/t57/client.go:279.48,282.2 2 0
github.com/t57/t57-go/internal/t57/client.go:286.45,289.2 2 0
github.com/t57/t57-go/internal/t57/client.go:292.32,293.24 1 0
github.com/t57/t57-go/internal/t57/client.go:293.24,295.3 1 0
github.com/t57/t57-go/internal/t57/client.go:296.2,296.28 1 0
github.com/t57/t57-go/internal/t57/command.go:32.33,33.11 1 0
github.com/t57/t57-go/internal/t57/command.go:38.31,39.14 1 0
github.com/t57/t57-go/internal/t57/command.go:41.2,41.14 1 0
github.com/t57/t57-go/internal/t57/command.go:58.30,59.11 1 0
github.com/t57/t57-go/internal/t57/command.go:60.16,61.14 1 0
github.com/t57/t57-go/internal/t57/command.go:62.17,63.15 1 0
github.com/t57/t57-go/internal/t57/command.go:64.17,65.15 1 0
github.com/t57/t57-go/internal/t57/command.go:66.17,67.15 1 0
github.com/t57/t57-go/internal/t57/command.go:68.18,69.16 1 0
github.com/t57/t57-go/internal/t57/command.go:71.2,71.10 1 0
github.com/t57/t57-go/internal/t57/command.go:76.43,77.14 1 0
github.com/t57/t57-go/internal/t57/command.go:78.12,79.24 1 0
github.com/t57/t57-go/internal/t57/command.go:80.13,81.25 1 0
github.com/t57/t57-go/internal/t57/command.go:82.13,83.25 1 0
github.com/t57/t57-go/internal/t57/command.go:84.13,85.25 1 0
github.com/t57/t57-go/internal/t57/command.go:86.14,87.26 1 0
github.com/t57/t57-go/internal/t57/command.go:89.2,89.17 1 0
github.com/t57/t57-go/internal/t57/config.go:20.38,21.11 1 0
github.com/t57/t57-go/internal/t57/config.go:22.18,23.16 1 0
github.com/t57/t57-go/internal/t57/config.go:24.19,25.17 1 0
github.com/t57/t57-go/internal/t57/config.go:26.19,27.17 1 0
github.com/t57/t57-go/internal/t57/config.go:28.19,29.17 1 0
github.com/t57/t57-go/internal/t57/config.go:30.19,31.17 1 0
github.com/t57/t57-go/internal/t57/config.go:32.19,33.17 1 0
github.com/t57/t57-go/internal/t57/config.go:34.20,35.18 1 0
github.com/t57/t57-go/internal/t57/config.go:36.20,37.18 1 0
github.com/t57/t57-go/internal/t57/config.go:39.2,39.18 1 0
github.com/t57/t57-go/internal/t57/config.go:59.37,60.11 1 0
github.com/t57/t57-go/internal/t57/config.go:61.17,62.18 1 0
github.com/t57/t57-go/internal/t57/config.go:63.15,64.16 1 0
github.com/t57/t57-go/internal/t57/config.go:65.15,66.16 1 0
github.com/t57/t57-go/internal/t57/config.go:67.15,68.16 1 0
github.com/t57/t57-go/internal/t57/config.go:69.15,70.16 1 0
github.com/t57/t57-go/internal/t57/config.go:71.15,72.16 1 0
github.com/t57/t57-go/internal/t57/config.go:73.16,74.17 1 0
github.com/t57/t57-go/internal/t57/config.go:75.16,76.17 1 0
github.com/t57/t57-go/internal/t57/config.go:77.21,78.22 1 0
github.com/t57/t57-go/internal/t57/config.go:79.18,80.20 1 0
github.com/t57/t57-go/internal/t57/config.go:82.2,82.18 1 0
github.com/t57/t57-go/internal/t57/config.go:95.32,96.11 1 0
github.com/t57/t57-go/internal/t57/config.go:97.16,98.16 1 0
github.com/t57/t57-go/internal/t57/config.go:99.16,100.16 1 0
github.com/t57/t57-go/internal/t57/config.go:101.16,102.16 1 0
github.com/t57/t57-go/internal/t57/config.go:104.2,104.18 1 0
github.com/t57/t57-go/internal/t57/config.go:132.25,132.44 1 2
github.com/t57/t57-go/internal/t57/config.go:136.38,136.61 1 1
github.com/t57/t57-go/internal/t57/config.go:139.31,139.45 1 7
github.com/t57/t57-go/internal/t57/config.go:142.42,144.2 1 3
github.com/t57/t57-go/internal/t57/config.go:147.35,151.2 3 2
github.com/t57/t57-go/internal/t57/config.go:154.42,156.2 1 0
github.com/t57/t57-go/internal/t57/config.go:159.35,163.2 3 0
github.com/t57/t57-go/internal/t57/config.go:168.35,168.63 1 1
github.com/t57/t57-go/internal/t57/config.go:172.40,174.2 1 2
github.com/t57/t57-go/internal/t57/config.go:177.43,177.85 1 1
github.com/t57/t57-go/internal/t57/config.go:180.48,182.2 1 1
github.com/t57/t57-go/internal/t57/config.go:185.41,185.82 1 1
github.com/t57/t57-go/internal/t57/config.go:188.46,190.2 1 1
github.com/t57/t57-go/internal/t57/config.go:193.31,193.67 1 1
github.com/t57/t57-go/internal/t57/config.go:196.36,198.2 1 1
github.com/t57/t57-go/internal/t57/config.go:201.28,201.55 1 1
github.com/t57/t57-go/internal/t57/config.go:204.34,205.8 1 2
github.com/t57/t57-go/internal/t57/config.go:205.8,207.3 1 1
github.com/t57/t57-go/internal/t57/config.go:207.8,209.3 1 1
github.com/t57/t57-go/internal/t57/config.go:213.34,213.70 1 1
github.com/t57/t57-go/internal/t57/config.go:217.45,218.18 1 2
github.com/t57/t57-go/internal/t57/config.go:218.18,221.3 1 1
github.com/t57/t57-go/internal/t57/config.go:222.2,223.12 2 1
github.com/t57/t57-go/internal/t57/config.go:227.28,227.55 1 1
github.com/t57/t57-go/internal/t57/config.go:230.34,231.8 1 1
github.com/t57/t57-go/internal/t57/config.go:231.8,233.3 1 1
github.com/t57/t57-go/internal/t57/config.go:233.8,235.3 1 0
github.com/t57/t57-go/internal/t57/config.go:239.45,239.72 1 1
github.com/t57/t57-go/internal/t57/config.go:242.51,243.8 1 1
github.com/t57/t57-go/internal/t57/config.go:243.8,245.3 1 1
github.com/t57/t57-go/internal/t57/config.go:245.8,247.3 1 0
github.com/t57/t57-go/internal/t57/config.go:251.34,251.61 1 1
github.com/t57/t57-go/internal/t57/config.go:254.40,255.8 1 1
github.com/t57/t57-go/internal/t57/config.go:255.8,257.3 1 1
github.com/t57/t57-go/internal/t57/config.go:257.8,259.3 1 0
github.com/t57/t57-go/internal/t57/config.go:264.34,264.69 1 1
github.com/t57/t57-go/internal/t57/config.go:267.39,269.2 1 1
github.com/t57/t57-go/internal/t57/config.go:274.30,276.2 1 3
github.com/t57/t57-go/internal/t57/config.go:279.33,293.2 2 0
github.com/t57/t57-go/internal/t57/config.go:295.30,298.2 2 0
github.com/t57/t57-go/internal/t57/config.go:300.29,301.7 1 0
github.com/t57/t57-go/internal/t57/config.go:301.7,303.3 1 0
github.com/t57/t57-go/internal/t57/config.go:304.2,304.16 1 0
github.com/t57/t57-go/internal/t57/config.go:307.30,308.12 1 0
github.com/t57/t57-go/internal/t57/config.go:308.12,310.3 1 0
github.com/t57/t57-go/internal/t57/config.go:311.2,312.12 2 0
github.com/t57/t57-go/internal/t57/config.go:312.12,318.3 5 0
github.com/t57/t57-go/internal/t57/config.go:319.2,319.23 1 0
github.com/t57/t57-go/internal/t57/device_error.go:28.38,29.11 1 0
github.com/t57/t57-go/internal/t57/device_error.go:30.29,31.28 1 0
github.com/t57/t57-go/internal/t57/device_error.go:32.24,33.28 1 0
github.com/t57/t57-go/internal/t57/device_error.go:34.28,35.32 1 0
github.com/t57/t57-go/internal/t57/device_error.go:36.25,37.33 1 0
github.com/t57/t57-go/internal/t57/device_error.go:38.20,39.28 1 0
github.com/t57/t57-go/internal/t57/device_error.go:40.26,41.35 1 0
github.com/t57/t57-go/internal/t57/device_error.go:42.24,43.33 1 0
github.com/t57/t57-go/internal/t57/device_error.go:44.40,45.25 1 0
github.com/t57/t57-go/internal/t57/device_error.go:46.24,47.31 1 0
github.com/t57/t57-go/internal/t57/device_error.go:48.28,49.27 1 0
github.com/t57/t57-go/internal/t57/device_error.go:51.2,51.31 1 0
github.com/t57/t57-go/internal/t57/device_error.go:55.43,57.2 1 1
github.com/t57/t57-go/internal/t57/device_error.go:61.51,63.52 2 1
github.com/t57/t57-go/internal/t57/device_error.go:63.52,64.58 1 1
github.com/t57/t57-go/internal/t57/device_error.go:64.58,66.4 1 1
github.com/t57/t57-go/internal/t57/device_error.go:68.2,68.17 1 0
github.com/t57/t57-go/internal/t57/errors.go:25.32,26.20 1 0
github.com/t57/t57-go/internal/t57/errors.go:26.20,28.3 1 0
github.com/t57/t57-go/internal/t57/errors.go:29.2,29.23 1 0
github.com/t57/t57-go/internal/t57/errors.go:29.23,31.3 1 0
github.com/t57/t57-go/internal/t57/errors.go:32.2,32.48 1 0
github.com/t57/t57-go/internal/t57/errors.go:37.32,39.2 1 1
github.com/t57/t57-go/internal/t57/errors.go:43.36,44.16 1 6
github.com/t57/t57-go/internal/t57/errors.go:46.43,47.14 1 5
github.com/t57/t57-go/internal/t57/errors.go:49.2,49.14 1 1
github.com/t57/t57-go/internal/t57/errors.go:54.39,55.30 1 17
github.com/t57/t57-go/internal/t57/errors.go:55.30,56.62 1 127
github.com/t57/t57-go/internal/t57/errors.go:56.62,58.4 1 16
github.com/t57/t57-go/internal/t57/errors.go:60.2,60.14 1 1
github.com/t57/t57-go/internal/t57/errors.go:67.34,67.61 1 0
github.com/t57/t57-go/internal/t57/errors.go:68.41,71.2 2 110
github.com/t57/t57-go/internal/t57/errors.go:75.40,79.2 3 14
github.com/t57/t57-go/internal/t57/errors.go:100.74,101.19 1 23
github.com/t57/t57-go/internal/t57/errors.go:101.19,103.3 1 1
github.com/t57/t57-go/internal/t57/errors.go:104.2,104.65 1 23
github.com/t57/t57-go/internal/t57/frame.go:20.87,22.23 2 27
github.com/t57/t57-go/internal/t57/frame.go:22.23,25.3 1 1
github.com/t57/t57-go/internal/t57/frame.go:28.2,29.22 2 26
github.com/t57/t57-go/internal/t57/frame.go:29.22,32.3 1 1
github.com/t57/t57-go/internal/t57/frame.go:33.2,40.33 7 25
github.com/t57/t57-go/internal/t57/frame.go:40.33,42.3 1 105
github.com/t57/t57-go/internal/t57/frame.go:43.2,46.38 3 25
github.com/t57/t57-go/internal/t57/frame.go:65.42,66.25 1 24
github.com/t57/t57-go/internal/t57/frame.go:66.25,69.3 1 1
github.com/t57/t57-go/internal/t57/frame.go:70.2,70.19 1 23
github.com/t57/t57-go/internal/t57/frame.go:70.19,73.3 1 1
github.com/t57/t57-go/internal/t57/frame.go:74.2,76.17 3 22
github.com/t57/t57-go/internal/t57/frame.go:76.17,78.3 1 0
github.com/t57/t57-go/internal/t57/frame.go:87.2,89.25 3 22
github.com/t57/t57-go/internal/t57/frame.go:89.25,92.3 1 0
github.com/t57/t57-go/internal/t57/frame.go:93.2,93.25 1 22
github.com/t57/t57-go/internal/t57/frame.go:93.25,96.3 1 1
github.com/t57/t57-go/internal/t57/frame.go:98.2,99.30 2 21
github.com/t57/t57-go/internal/t57/frame.go:99.30,101.3 1 161
github.com/t57/t57-go/internal/t57/frame.go:102.2,102.24 1 21
github.com/t57/t57-go/internal/t57/frame.go:102.24,105.3 1 5
github.com/t57/t57-go/internal/t57/frame.go:107.2,108.25 2 16
github.com/t57/t57-go/internal/t57/frame.go:108.25,111.3 1 0
github.com/t57/t57-go/internal/t57/frame.go:113.2,117.8 1 16
github.com/t57/t57-go/internal/t57/frame.go:123.28,125.25 2 2
github.com/t57/t57-go/internal/t57/frame.go:125.25,127.3 1 10
github.com/t57/t57-go/internal/t57/frame.go:128.2,128.10 1 2
github.com/t57/t57-go/internal/t57/hex.go:11.41,17.22 5 13
github.com/t57/t57-go/internal/t57/hex.go:17.22,18.12 1 81
github.com/t57/t57-go/internal/t57/hex.go:19.35,20.12 1 6
github.com/t57/t57-go/internal/t57/hex.go:22.3,22.17 1 75
github.com/t57/t57-go/internal/t57/hex.go:24.2,26.16 3 13
github.com/t57/t57-go/internal/t57/hex.go:26.16,29.3 1 3
github.com/t57/t57-go/internal/t57/hex.go:30.2,30.17 1 10
github.com/t57/t57-go/internal/t57/hex.go:34.33,36.2 1 2
github.com/t57/t57-go/internal/t57/hex.go:40.52,43.16 3 4
github.com/t57/t57-go/internal/t57/hex.go:43.16,45.3 1 0
github.com/t57/t57-go/internal/t57/hex.go:46.2,46.27 1 4
github.com/t57/t57-go/internal/t57/hex.go:46.27,49.3 1 3
github.com/t57/t57-go/internal/t57/hex.go:50.2,51.17 2 1
github.com/t57/t57-go/internal/t57/hex.go:55.44,57.2 1 1
github.com/t57/t57-go/internal/t57/history.go:37.40,44.2 3 4
github.com/t57/t57-go/internal/t57/history.go:48.34,49.50 1 0
github.com/t57/t57-go/internal/t57/history.go:49.50,51.3 1 0
github.com/t57/t57-go/internal/t57/history.go:52.2,53.16 2 0
github.com/t57/t57-go/internal/t57/history.go:53.16,55.3 1 0
github.com/t57/t57-go/internal/t57/history.go:56.2,56.71 1 0
github.com/t57/t57-go/internal/t57/history.go:60.33,60.50 1 0
github.com/t57/t57-go/internal/t57/history.go:64.65,76.27 5 15
github.com/t57/t57-go/internal/t57/history.go:76.27,78.3 1 7
github.com/t57/t57-go/internal/t57/history.go:80.2,80.18 1 15
github.com/t57/t57-go/internal/t57/history.go:80.18,82.3 1 0
github.com/t57/t57-go/internal/t57/history.go:83.2,83.65 1 15
github.com/t57/t57-go/internal/t57/history.go:83.65,85.3 1 0
github.com/t57/t57-go/internal/t57/history.go:86.2,87.16 2 15
github.com/t57/t57-go/internal/t57/history.go:87.16,89.3 1 0
github.com/t57/t57-go/internal/t57/history.go:90.2,93.26 4 15
github.com/t57/t57-go/internal/t57/history.go:97.44,103.2 5 3
github.com/t57/t57-go/internal/t57/history.go:106.47,109.23 3 2
github.com/t57/t57-go/internal/t57/history.go:109.23,111.3 1 1
github.com/t57/t57-go/internal/t57/history.go:112.2,112.38 1 1
github.com/t57/t57-go/internal/t57/history.go:116.33,120.18 4 1
github.com/t57/t57-go/internal/t57/history.go:120.18,122.3 1 0
github.com/t57/t57-go/internal/t57/history.go:123.2,123.65 1 1
github.com/t57/t57-go/internal/t57/history.go:123.65,125.3 1 0
github.com/t57/t57-go/internal/t57/history.go:126.2,126.12 1 1
github.com/t57/t57-go/internal/t57/history.go:129.28,130.18 1 4
github.com/t57/t57-go/internal/t57/history.go:130.18,132.3 1 0
github.com/t57/t57-go/internal/t57/history.go:133.2,134.16 2 4
github.com/t57/t57-go/internal/t57/history.go:134.16,136.3 1 3
github.com/t57/t57-go/internal/t57/history.go:137.2,140.21 4 1
github.com/t57/t57-go/internal/t57/history.go:140.21,142.61 2 2
github.com/t57/t57-go/internal/t57/history.go:142.61,143.12 1 0
github.com/t57/t57-go/internal/t57/history.go:145.3,146.27 2 2
github.com/t57/t57-go/internal/t57/history.go:146.27,148.4 1 0
github.com/t57/t57-go/internal/t57/history.go:154.39,158.2 1 1
github.com/t57/t57-go/internal/t57/history.go:160.30,161.13 1 1
github.com/t57/t57-go/internal/t57/history.go:161.13,163.3 1 0
github.com/t57/t57-go/internal/t57/history.go:164.2,164.10 1 1
github.com/t57/t57-go/internal/t57/transport.go:29.60,30.18 1 0
github.com/t57/t57-go/internal/t57/transport.go:30.18,33.3 1 0
github.com/t57/t57-go/internal/t57/transport.go:34.2,35.18 2 0
github.com/t57/t57-go/internal/t57/transport.go:35.18,37.12 2 0
github.com/t57/t57-go/internal/t57/transport.go:37.12,39.4 1 0
github.com/t57/t57-go/internal/t57/transport.go:40.3,40.17 1 0
github.com/t57/t57-go/internal/t57/transport.go:40.17,41.34 1 0
github.com/t57/t57-go/internal/t57/transport.go:41.34,43.5 1 0
github.com/t57/t57-go/internal/t57/transport.go:44.4,44.54 1 0
github.com/t57/t57-go/internal/t57/transport.go:46.3,46.13 1 0
github.com/t57/t57-go/internal/t57/transport.go:46.13,47.9 1 0
github.com/t57/t57-go/internal/t57/transport.go:50.2,50.19 1 0
github.com/t57/t57-go/internal/t57/transport.go:56.54,58.23 2 18
github.com/t57/t57-go/internal/t57/transport.go:58.23,60.12 2 187
github.com/t57/t57-go/internal/t57/transport.go:60.12,62.27 2 186
github.com/t57/t57-go/internal/t57/transport.go:62.27,63.10 1 17
github.com/t57/t57-go/internal/t57/transport.go:65.4,65.12 1 169
github.com/t57/t57-go/internal/t57/transport.go:68.3,68.34 1 1
github.com/t57/t57-go/internal/t57/transport.go:68.34,72.18 1 1
github.com/t57/t57-go/internal/t57/transport.go:72.18,76.5 1 1
github.com/t57/t57-go/internal/t57/transport.go:77.4,77.21 1 0
github.com/t57/t57-go/internal/t57/transport.go:79.3,79.54 1 0
github.com/t57/t57-go/internal/t57/transport.go:81.2,81.19 1 17
